J:\CHALLENGE!!!\CHALLENGE!!!\DEBUG\CHALLENGE!!!.EXE.EMBED.MANIFEST
J:\CHALLENGE!!!\CHALLENGE!!!\DEBUG\CHALLENGE!!!.EXE.EMBED.MANIFEST.RES
J:\CHALLENGE!!!\CHALLENGE!!!\DEBUG\CHALLENGE!!!.EXE.INTERMEDIATE.MANIFEST
J:\CHALLENGE!!!\CHALLENGE!!!\DEBUG\CHALLENGE!!!.OBJ
J:\CHALLENGE!!!\CHALLENGE!!!\DEBUG\CHALLENGE!!!.PCH
J:\CHALLENGE!!!\CHALLENGE!!!\Debug\CHALLENGE!!!_manifest.rc
J:\CHALLENGE!!!\CHALLENGE!!!\Debug\cl.command.1.tlog
J:\CHALLENGE!!!\CHALLENGE!!!\Debug\CL.read.1.tlog
J:\CHALLENGE!!!\CHALLENGE!!!\Debug\CL.write.1.tlog
J:\CHALLENGE!!!\CHALLENGE!!!\Debug\link.5264.read.1.tlog
J:\CHALLENGE!!!\CHALLENGE!!!\Debug\link.5264.write.1.tlog
J:\CHALLENGE!!!\CHALLENGE!!!\Debug\link.5264-cvtres.read.1.tlog
J:\CHALLENGE!!!\CHALLENGE!!!\Debug\link.5264-cvtres.write.1.tlog
J:\CHALLENGE!!!\CHALLENGE!!!\Debug\link.command.1.tlog
J:\CHALLENGE!!!\CHALLENGE!!!\Debug\link.read.1.tlog
J:\CHALLENGE!!!\CHALLENGE!!!\Debug\link.write.1.tlog
J:\CHALLENGE!!!\CHALLENGE!!!\Debug\link-cvtres.read.1.tlog
J:\CHALLENGE!!!\CHALLENGE!!!\Debug\link-cvtres.write.1.tlog
J:\CHALLENGE!!!\CHALLENGE!!!\Debug\mt.command.1.tlog
J:\CHALLENGE!!!\CHALLENGE!!!\Debug\mt.read.1.tlog
J:\CHALLENGE!!!\CHALLENGE!!!\Debug\mt.write.1.tlog
J:\CHALLENGE!!!\CHALLENGE!!!\Debug\rc.command.1.tlog
J:\CHALLENGE!!!\CHALLENGE!!!\Debug\rc.read.1.tlog
J:\CHALLENGE!!!\CHALLENGE!!!\Debug\rc.write.1.tlog
J:\CHALLENGE!!!\CHALLENGE!!!\DEBUG\STDAFX.OBJ
J:\CHALLENGE!!!\CHALLENGE!!!\Debug\vc100.idb
J:\CHALLENGE!!!\CHALLENGE!!!\DEBUG\VC100.PDB
J:\CHALLENGE!!!\DEBUG\CHALLENGE!!!.EXE
J:\CHALLENGE!!!\DEBUG\CHALLENGE!!!.ILK
J:\CHALLENGE!!!\DEBUG\CHALLENGE!!!.PDB
