Build started 6/18/2012 2:20:32 PM.
     1>Project "J:\CHALLENGE!!!\CHALLENGE!!!\CHALLENGE!!!.vcxproj" on node 2 (build target(s)).
     1>InitializeBuildStatus:
         Creating "Debug\CHALLENGE!!!.unsuccessfulbuild" because "AlwaysCreate" was specified.
       ClCompile:
         All outputs are up-to-date.
         c:\Program Files (x86)\Microsoft Visual Studio 10.0\VC\bin\CL.exe /c /ZI /nologo /W3 /WX- /Od /Oy- /D WIN32 /D _DEBUG /D _CONSOLE /D _UNICODE /D UNICODE /Gm /EHsc /RTC1 /MDd /GS /fp:precise /Zc:wchar_t /Zc:forScope /Yu"StdAfx.h" /Fp"Debug\CHALLENGE!!!.pch" /Fo"Debug\\" /Fd"Debug\vc100.pdb" /Gd /TP /analyze- /errorReport:prompt "CHALLENGE!!!.cpp"
         CHALLENGE!!!.cpp
       ManifestResourceCompile:
         All outputs are up-to-date.
       Link:
         c:\Program Files (x86)\Microsoft Visual Studio 10.0\VC\bin\link.exe /ERRORREPORT:PROMPT /OUT:"J:\CHALLENGE!!!\Debug\CHALLENGE!!!.exe" /INCREMENTAL /NOLOGO kernel32.lib user32.lib gdi32.lib winspool.lib comdlg32.lib advapi32.lib shell32.lib ole32.lib oleaut32.lib uuid.lib odbc32.lib odbccp32.lib /MANIFEST /ManifestFile:"Debug\CHALLENGE!!!.exe.intermediate.manifest" /MANIFESTUAC:"level='asInvoker' uiAccess='false'" /DEBUG /PDB:"J:\CHALLENGE!!!\Debug\CHALLENGE!!!.pdb" /SUBSYSTEM:CONSOLE /TLBID:1 /DYNAMICBASE /NXCOMPAT /IMPLIB:"J:\CHALLENGE!!!\Debug\CHALLENGE!!!.lib" /MACHINE:X86 "Debug\CHALLENGE!!!.exe.embed.manifest.res"
         "Debug\CHALLENGE!!!.obj"
         Debug\stdafx.obj
       Manifest:
         C:\Program Files (x86)\Microsoft SDKs\Windows\v7.0A\bin\mt.exe /nologo /verbose /out:"Debug\CHALLENGE!!!.exe.embed.manifest" /manifest "Debug\CHALLENGE!!!.exe.intermediate.manifest"
         All outputs are up-to-date.
       LinkEmbedManifest:
         All outputs are up-to-date.
         CHALLENGE!!!.vcxproj -> J:\CHALLENGE!!!\Debug\CHALLENGE!!!.exe
       FinalizeBuildStatus:
         Deleting file "Debug\CHALLENGE!!!.unsuccessfulbuild".
         Touching "Debug\CHALLENGE!!!.lastbuildstate".
     1>Done Building Project "J:\CHALLENGE!!!\CHALLENGE!!!\CHALLENGE!!!.vcxproj" (build target(s)).

Build succeeded.

Time Elapsed 00:00:15.96
