J:\VOIDNESS\DEBUG\VOIDNESS.EXE
J:\VOIDNESS\DEBUG\VOIDNESS.ILK
J:\VOIDNESS\DEBUG\VOIDNESS.PDB
J:\voidness\voidness\Debug\cl.command.1.tlog
J:\voidness\voidness\Debug\CL.read.1.tlog
J:\voidness\voidness\Debug\CL.write.1.tlog
J:\voidness\voidness\Debug\link.3348.read.1.tlog
J:\voidness\voidness\Debug\link.3348.write.1.tlog
J:\voidness\voidness\Debug\link.3348-cvtres.read.1.tlog
J:\voidness\voidness\Debug\link.3348-cvtres.write.1.tlog
J:\voidness\voidness\Debug\link.command.1.tlog
J:\voidness\voidness\Debug\link.read.1.tlog
J:\voidness\voidness\Debug\link.write.1.tlog
J:\voidness\voidness\Debug\link-cvtres.read.1.tlog
J:\voidness\voidness\Debug\link-cvtres.write.1.tlog
J:\voidness\voidness\Debug\mt.command.1.tlog
J:\voidness\voidness\Debug\mt.read.1.tlog
J:\voidness\voidness\Debug\mt.write.1.tlog
J:\voidness\voidness\Debug\rc.command.1.tlog
J:\voidness\voidness\Debug\rc.read.1.tlog
J:\voidness\voidness\Debug\rc.write.1.tlog
J:\VOIDNESS\VOIDNESS\DEBUG\STDAFX.OBJ
J:\voidness\voidness\Debug\vc100.idb
J:\VOIDNESS\VOIDNESS\DEBUG\VC100.PDB
J:\VOIDNESS\VOIDNESS\DEBUG\VOIDNESS.EXE.EMBED.MANIFEST
J:\VOIDNESS\VOIDNESS\DEBUG\VOIDNESS.EXE.EMBED.MANIFEST.RES
J:\VOIDNESS\VOIDNESS\DEBUG\VOIDNESS.EXE.INTERMEDIATE.MANIFEST
J:\VOIDNESS\VOIDNESS\DEBUG\VOIDNESS.OBJ
J:\VOIDNESS\VOIDNESS\DEBUG\VOIDNESS.PCH
J:\voidness\voidness\Debug\voidness_manifest.rc
