J:\FOR THE LOOP OR NOT FOR THE LOOP\DEBUG\FOR THE LOOP OR NOT FOR THE LOOP.EXE
J:\FOR THE LOOP OR NOT FOR THE LOOP\DEBUG\FOR THE LOOP OR NOT FOR THE LOOP.ILK
J:\FOR THE LOOP OR NOT FOR THE LOOP\DEBUG\FOR THE LOOP OR NOT FOR THE LOOP.PDB
J:\for the loop or not for the loop\for the loop or not for the loop\Debug\cl.command.1.tlog
J:\for the loop or not for the loop\for the loop or not for the loop\Debug\CL.read.1.tlog
J:\for the loop or not for the loop\for the loop or not for the loop\Debug\CL.write.1.tlog
J:\FOR THE LOOP OR NOT FOR THE LOOP\FOR THE LOOP OR NOT FOR THE LOOP\DEBUG\FOR THE LOOP OR NOT FOR THE LOOP.EXE.EMBED.MANIFEST
J:\FOR THE LOOP OR NOT FOR THE LOOP\FOR THE LOOP OR NOT FOR THE LOOP\DEBUG\FOR THE LOOP OR NOT FOR THE LOOP.EXE.EMBED.MANIFEST.RES
J:\FOR THE LOOP OR NOT FOR THE LOOP\FOR THE LOOP OR NOT FOR THE LOOP\DEBUG\FOR THE LOOP OR NOT FOR THE LOOP.EXE.INTERMEDIATE.MANIFEST
J:\FOR THE LOOP OR NOT FOR THE LOOP\FOR THE LOOP OR NOT FOR THE LOOP\DEBUG\FOR THE LOOP OR NOT FOR THE LOOP.OBJ
J:\FOR THE LOOP OR NOT FOR THE LOOP\FOR THE LOOP OR NOT FOR THE LOOP\DEBUG\FOR THE LOOP OR NOT FOR THE LOOP.PCH
J:\for the loop or not for the loop\for the loop or not for the loop\Debug\for the loop or not for the loop_manifest.rc
J:\for the loop or not for the loop\for the loop or not for the loop\Debug\link.3300.read.1.tlog
J:\for the loop or not for the loop\for the loop or not for the loop\Debug\link.3300.write.1.tlog
J:\for the loop or not for the loop\for the loop or not for the loop\Debug\link.3300-cvtres.read.1.tlog
J:\for the loop or not for the loop\for the loop or not for the loop\Debug\link.3300-cvtres.write.1.tlog
J:\for the loop or not for the loop\for the loop or not for the loop\Debug\link.command.1.tlog
J:\for the loop or not for the loop\for the loop or not for the loop\Debug\link.read.1.tlog
J:\for the loop or not for the loop\for the loop or not for the loop\Debug\link.write.1.tlog
J:\for the loop or not for the loop\for the loop or not for the loop\Debug\link-cvtres.read.1.tlog
J:\for the loop or not for the loop\for the loop or not for the loop\Debug\link-cvtres.write.1.tlog
J:\for the loop or not for the loop\for the loop or not for the loop\Debug\mt.command.1.tlog
J:\for the loop or not for the loop\for the loop or not for the loop\Debug\mt.read.1.tlog
J:\for the loop or not for the loop\for the loop or not for the loop\Debug\mt.write.1.tlog
J:\for the loop or not for the loop\for the loop or not for the loop\Debug\rc.command.1.tlog
J:\for the loop or not for the loop\for the loop or not for the loop\Debug\rc.read.1.tlog
J:\for the loop or not for the loop\for the loop or not for the loop\Debug\rc.write.1.tlog
J:\FOR THE LOOP OR NOT FOR THE LOOP\FOR THE LOOP OR NOT FOR THE LOOP\DEBUG\STDAFX.OBJ
J:\for the loop or not for the loop\for the loop or not for the loop\Debug\vc100.idb
J:\FOR THE LOOP OR NOT FOR THE LOOP\FOR THE LOOP OR NOT FOR THE LOOP\DEBUG\VC100.PDB
