J:\IF AND OR\DEBUG\IF AND OR.EXE
J:\IF AND OR\DEBUG\IF AND OR.ILK
J:\IF AND OR\DEBUG\IF AND OR.PDB
J:\if and or\if and or\Debug\cl.command.1.tlog
J:\if and or\if and or\Debug\CL.read.1.tlog
J:\if and or\if and or\Debug\CL.write.1.tlog
J:\IF AND OR\IF AND OR\DEBUG\IF AND OR.EXE.EMBED.MANIFEST
J:\IF AND OR\IF AND OR\DEBUG\IF AND OR.EXE.EMBED.MANIFEST.RES
J:\IF AND OR\IF AND OR\DEBUG\IF AND OR.EXE.INTERMEDIATE.MANIFEST
J:\IF AND OR\IF AND OR\DEBUG\IF AND OR.OBJ
J:\IF AND OR\IF AND OR\DEBUG\IF AND OR.PCH
J:\if and or\if and or\Debug\if and or_manifest.rc
J:\if and or\if and or\Debug\link.5160.read.1.tlog
J:\if and or\if and or\Debug\link.5160.write.1.tlog
J:\if and or\if and or\Debug\link.5160-cvtres.read.1.tlog
J:\if and or\if and or\Debug\link.5160-cvtres.write.1.tlog
J:\if and or\if and or\Debug\link.command.1.tlog
J:\if and or\if and or\Debug\link.read.1.tlog
J:\if and or\if and or\Debug\link.write.1.tlog
J:\if and or\if and or\Debug\link-cvtres.read.1.tlog
J:\if and or\if and or\Debug\link-cvtres.write.1.tlog
J:\if and or\if and or\Debug\mt.command.1.tlog
J:\if and or\if and or\Debug\mt.read.1.tlog
J:\if and or\if and or\Debug\mt.write.1.tlog
J:\if and or\if and or\Debug\rc.command.1.tlog
J:\if and or\if and or\Debug\rc.read.1.tlog
J:\if and or\if and or\Debug\rc.write.1.tlog
J:\IF AND OR\IF AND OR\DEBUG\STDAFX.OBJ
J:\if and or\if and or\Debug\vc100.idb
J:\IF AND OR\IF AND OR\DEBUG\VC100.PDB
